2025-05-20T13:54:00.615+02:00  INFO 16600 --- [legacy-hospital-system] [main] sae.semestre.six.DemoApplication         : Starting DemoApplication using Java 23.0.1 with PID 16600 (Z:\SaeS6\legacy-software\target\classes started by thomas.lemaire in Z:\SaeS6\legacy-software)
2025-05-20T13:54:00.673+02:00 DEBUG 16600 --- [legacy-hospital-system] [main] sae.semestre.six.DemoApplication         : Running with Spring Boot v3.2.4, Spring v6.1.5
2025-05-20T13:54:00.684+02:00  INFO 16600 --- [legacy-hospital-system] [main] sae.semestre.six.DemoApplication         : No active profile set, falling back to 1 default profile: "default"
2025-05-20T13:54:07.975+02:00  INFO 16600 --- [legacy-hospital-system] [main] .s.d.r.c.RepositoryConfigurationDelegate : Bootstrapping Spring Data JPA repositories in DEFAULT mode.
2025-05-20T13:54:08.851+02:00  INFO 16600 --- [legacy-hospital-system] [main] .s.d.r.c.RepositoryConfigurationDelegate : Finished Spring Data repository scanning in 851 ms. Found 0 JPA repository interfaces.
2025-05-20T13:54:10.688+02:00  INFO 16600 --- [legacy-hospital-system] [main] o.s.b.w.embedded.tomcat.TomcatWebServer  : Tomcat initialized with port 8045 (http)
2025-05-20T13:54:10.712+02:00  INFO 16600 --- [legacy-hospital-system] [main] o.apache.catalina.core.StandardService   : Starting service [Tomcat]
2025-05-20T13:54:10.713+02:00  INFO 16600 --- [legacy-hospital-system] [main] o.apache.catalina.core.StandardEngine    : Starting Servlet engine: [Apache Tomcat/10.1.19]
2025-05-20T13:54:10.821+02:00  INFO 16600 --- [legacy-hospital-system] [main] o.a.c.c.C.[.[localhost].[/hospital]      : Initializing Spring embedded WebApplicationContext
2025-05-20T13:54:10.823+02:00  INFO 16600 --- [legacy-hospital-system] [main] w.s.c.ServletWebServerApplicationContext : Root WebApplicationContext: initialization completed in 9881 ms
2025-05-20T13:54:11.039+02:00  INFO 16600 --- [legacy-hospital-system] [main] com.zaxxer.hikari.HikariDataSource       : HikariPool-1 - Starting...
2025-05-20T13:54:11.412+02:00  INFO 16600 --- [legacy-hospital-system] [main] com.zaxxer.hikari.pool.HikariPool        : HikariPool-1 - Added connection com.mysql.cj.jdbc.ConnectionImpl@739831a4
2025-05-20T13:54:11.423+02:00  INFO 16600 --- [legacy-hospital-system] [main] com.zaxxer.hikari.HikariDataSource       : HikariPool-1 - Start completed.
2025-05-20T13:54:11.956+02:00  INFO 16600 --- [legacy-hospital-system] [main] o.hibernate.jpa.internal.util.LogHelper  : HHH000204: Processing PersistenceUnitInfo [name: default]
2025-05-20T13:54:12.135+02:00  INFO 16600 --- [legacy-hospital-system] [main] org.hibernate.Version                    : HHH000412: Hibernate ORM core version 6.3.1.Final
2025-05-20T13:54:12.254+02:00  INFO 16600 --- [legacy-hospital-system] [main] o.h.c.internal.RegionFactoryInitiator    : HHH000026: Second-level cache disabled
2025-05-20T13:54:13.075+02:00  INFO 16600 --- [legacy-hospital-system] [main] o.s.o.j.p.SpringPersistenceUnitInfo      : No LoadTimeWeaver setup: ignoring JPA class transformer
2025-05-20T13:54:13.185+02:00  WARN 16600 --- [legacy-hospital-system] [main] org.hibernate.orm.deprecation            : HHH90000025: MySQL8Dialect does not need to be specified explicitly using 'hibernate.dialect' (remove the property setting and it will be selected by default)
2025-05-20T13:54:13.189+02:00  WARN 16600 --- [legacy-hospital-system] [main] org.hibernate.orm.deprecation            : HHH90000026: MySQL8Dialect has been deprecated; use org.hibernate.dialect.MySQLDialect instead
2025-05-20T13:54:16.986+02:00  INFO 16600 --- [legacy-hospital-system] [main] o.h.e.t.j.p.i.JtaPlatformInitiator       : HHH000489: No JTA platform available (set 'hibernate.transaction.jta.platform' to enable JTA platform integration)
2025-05-20T13:54:19.797+02:00  INFO 16600 --- [legacy-hospital-system] [main] j.LocalContainerEntityManagerFactoryBean : Initialized JPA EntityManagerFactory for persistence unit 'default'
2025-05-20T13:54:20.151+02:00  WARN 16600 --- [legacy-hospital-system] [main] JpaBaseConfiguration$JpaWebConfiguration : spring.jpa.open-in-view is enabled by default. Therefore, database queries may be performed during view rendering. Explicitly configure spring.jpa.open-in-view to disable this warning
2025-05-20T13:54:21.780+02:00  WARN 16600 --- [legacy-hospital-system] [main] ion$DefaultTemplateResolverConfiguration : Cannot find template location: classpath:/templates/ (please add some templates, check your Thymeleaf configuration, or set spring.thymeleaf.check-template-location=false)
2025-05-20T13:54:22.131+02:00  INFO 16600 --- [legacy-hospital-system] [main] o.s.b.w.embedded.tomcat.TomcatWebServer  : Tomcat started on port 8045 (http) with context path '/hospital'
2025-05-20T13:54:22.137+02:00  INFO 16600 --- [legacy-hospital-system] [main] sae.semestre.six.DemoApplication         : Started DemoApplication in 23.376 seconds (process running for 24.714)
2025-05-20T13:54:48.778+02:00  INFO 16600 --- [legacy-hospital-system] [http-nio-8045-exec-6] o.a.c.c.C.[.[localhost].[/hospital]      : Initializing Spring DispatcherServlet 'dispatcherServlet'
2025-05-20T13:54:48.781+02:00  INFO 16600 --- [legacy-hospital-system] [http-nio-8045-exec-6] o.s.web.servlet.DispatcherServlet        : Initializing Servlet 'dispatcherServlet'
2025-05-20T13:54:48.783+02:00  INFO 16600 --- [legacy-hospital-system] [http-nio-8045-exec-6] o.s.web.servlet.DispatcherServlet        : Completed initialization in 0 ms
2025-05-20T13:55:10.099+02:00  WARN 16600 --- [legacy-hospital-system] [http-nio-8045-exec-3] .w.s.m.s.DefaultHandlerExceptionResolver : Resolved [org.springframework.web.bind.MissingServletRequestParameterException: Required request parameter 'roomNumber' for method parameter type String is not present]
2025-05-20T15:12:19.789+02:00  INFO 16600 --- [legacy-hospital-system] [SpringApplicationShutdownHook] j.LocalContainerEntityManagerFactoryBean : Closing JPA EntityManagerFactory for persistence unit 'default'
2025-05-20T15:12:19.796+02:00  INFO 16600 --- [legacy-hospital-system] [SpringApplicationShutdownHook] com.zaxxer.hikari.HikariDataSource       : HikariPool-1 - Shutdown initiated...
2025-05-20T15:12:19.798+02:00  INFO 16600 --- [legacy-hospital-system] [SpringApplicationShutdownHook] com.zaxxer.hikari.HikariDataSource       : HikariPool-1 - Shutdown completed.
